2025-04-02 00:29:18,042 - __main__ - INFO - Starting USV mission planner simulation
2025-04-02 00:29:18,042 - __main__ - INFO - Starting USV mission planner simulation
2025-04-02 00:29:18,042 - planners.mission_manager - INFO - Mission Manager initialized
2025-04-02 00:29:18,042 - planners.mission_manager - INFO - Mission Manager initialized
2025-04-02 00:29:18,043 - __main__ - INFO - Initialized USV simulator at (37.7749, -122.4194) with heading 0.0°
2025-04-02 00:29:18,043 - __main__ - INFO - Initialized USV simulator at (37.7749, -122.4194) with heading 0.0°
2025-04-02 00:29:18,043 - missions.waypoint_mission - INFO - Created waypoint mission with 5 waypoints
2025-04-02 00:29:18,043 - missions.waypoint_mission - INFO - Created waypoint mission with 5 waypoints
2025-04-02 00:29:18,043 - planners.mission_manager - INFO - Added waypoint mission with 5 points to queue
2025-04-02 00:29:18,043 - planners.mission_manager - INFO - Added waypoint mission with 5 points to queue
2025-04-02 00:29:18,043 - missions.station_keeping - INFO - Created station keeping mission at (37.7955, -122.3828)
2025-04-02 00:29:18,043 - missions.station_keeping - INFO - Created station keeping mission at (37.7955, -122.3828)
2025-04-02 00:29:18,043 - planners.mission_manager - INFO - Added station keeping mission at (37.7955, -122.3828) to queue
2025-04-02 00:29:18,043 - planners.mission_manager - INFO - Added station keeping mission at (37.7955, -122.3828) to queue
2025-04-02 00:29:18,045 - missions.docking - INFO - Created docking mission to dock at (37.7749, -122.4194) with heading 270.0°
2025-04-02 00:29:18,045 - missions.docking - INFO - Created docking mission to dock at (37.7749, -122.4194) with heading 270.0°
2025-04-02 00:29:18,045 - missions.docking - INFO - Approach position: (37.774899999781205, -122.41917244561247)
2025-04-02 00:29:18,045 - missions.docking - INFO - Approach position: (37.774899999781205, -122.41917244561247)
2025-04-02 00:29:18,045 - planners.mission_manager - INFO - Added docking mission at (37.7749, -122.4194) to queue
2025-04-02 00:29:18,045 - planners.mission_manager - INFO - Added docking mission at (37.7749, -122.4194) to queue
2025-04-02 00:29:18,045 - planners.mission_manager - INFO - Starting waypoint mission
2025-04-02 00:29:18,045 - planners.mission_manager - INFO - Starting waypoint mission
2025-04-02 00:29:18,045 - planners.mission_manager - INFO - Mission execution started
2025-04-02 00:29:18,045 - planners.mission_manager - INFO - Mission execution started
2025-04-02 00:29:19,246 - missions.waypoint_mission - INFO - Reached waypoint 0 at (37.7749, -122.4194)
2025-04-02 00:29:19,246 - missions.waypoint_mission - INFO - Reached waypoint 0 at (37.7749, -122.4194)
2025-04-02 00:29:19,246 - missions.waypoint_mission - INFO - Moving to waypoint 1: (37.8045, -122.4159)
2025-04-02 00:29:19,246 - missions.waypoint_mission - INFO - Moving to waypoint 1: (37.8045, -122.4159)
2025-04-02 00:29:26,454 - __main__ - INFO - Starting USV mission planner simulation
2025-04-02 00:29:26,454 - __main__ - INFO - Starting USV mission planner simulation
2025-04-02 00:29:26,454 - planners.mission_manager - INFO - Mission Manager initialized
2025-04-02 00:29:26,454 - planners.mission_manager - INFO - Mission Manager initialized
2025-04-02 00:29:26,455 - __main__ - INFO - Initialized USV simulator at (37.7749, -122.4194) with heading 0.0°
2025-04-02 00:29:26,455 - __main__ - INFO - Initialized USV simulator at (37.7749, -122.4194) with heading 0.0°
2025-04-02 00:29:26,455 - missions.waypoint_mission - INFO - Created waypoint mission with 5 waypoints
2025-04-02 00:29:26,455 - missions.waypoint_mission - INFO - Created waypoint mission with 5 waypoints
2025-04-02 00:29:26,455 - planners.mission_manager - INFO - Added waypoint mission with 5 points to queue
2025-04-02 00:29:26,455 - planners.mission_manager - INFO - Added waypoint mission with 5 points to queue
2025-04-02 00:29:26,455 - missions.station_keeping - INFO - Created station keeping mission at (37.7955, -122.3828)
2025-04-02 00:29:26,455 - missions.station_keeping - INFO - Created station keeping mission at (37.7955, -122.3828)
2025-04-02 00:29:26,455 - planners.mission_manager - INFO - Added station keeping mission at (37.7955, -122.3828) to queue
2025-04-02 00:29:26,455 - planners.mission_manager - INFO - Added station keeping mission at (37.7955, -122.3828) to queue
2025-04-02 00:29:26,456 - missions.docking - INFO - Created docking mission to dock at (37.7749, -122.4194) with heading 270.0°
2025-04-02 00:29:26,456 - missions.docking - INFO - Created docking mission to dock at (37.7749, -122.4194) with heading 270.0°
2025-04-02 00:29:26,457 - missions.docking - INFO - Approach position: (37.774899999781205, -122.41917244561247)
2025-04-02 00:29:26,457 - missions.docking - INFO - Approach position: (37.774899999781205, -122.41917244561247)
2025-04-02 00:29:26,457 - planners.mission_manager - INFO - Added docking mission at (37.7749, -122.4194) to queue
2025-04-02 00:29:26,457 - planners.mission_manager - INFO - Added docking mission at (37.7749, -122.4194) to queue
2025-04-02 00:29:26,457 - planners.mission_manager - INFO - Starting waypoint mission
2025-04-02 00:29:26,457 - planners.mission_manager - INFO - Starting waypoint mission
2025-04-02 00:29:26,457 - planners.mission_manager - INFO - Mission execution started
2025-04-02 00:29:26,457 - planners.mission_manager - INFO - Mission execution started
2025-04-02 00:29:26,584 - missions.waypoint_mission - INFO - Reached waypoint 0 at (37.7749, -122.4194)
2025-04-02 00:29:26,584 - missions.waypoint_mission - INFO - Reached waypoint 0 at (37.7749, -122.4194)
2025-04-02 00:29:26,584 - missions.waypoint_mission - INFO - Moving to waypoint 1: (37.8045, -122.4159)
2025-04-02 00:29:26,584 - missions.waypoint_mission - INFO - Moving to waypoint 1: (37.8045, -122.4159)
2025-04-02 00:29:35,905 - __main__ - INFO - Starting USV mission planner simulation
2025-04-02 00:29:35,905 - __main__ - INFO - Starting USV mission planner simulation
2025-04-02 00:29:35,906 - planners.mission_manager - INFO - Mission Manager initialized
2025-04-02 00:29:35,906 - planners.mission_manager - INFO - Mission Manager initialized
2025-04-02 00:29:35,906 - __main__ - INFO - Initialized USV simulator at (37.7749, -122.4194) with heading 0.0°
2025-04-02 00:29:35,906 - __main__ - INFO - Initialized USV simulator at (37.7749, -122.4194) with heading 0.0°
2025-04-02 00:29:35,906 - missions.waypoint_mission - INFO - Created waypoint mission with 5 waypoints
2025-04-02 00:29:35,906 - missions.waypoint_mission - INFO - Created waypoint mission with 5 waypoints
2025-04-02 00:29:35,906 - planners.mission_manager - INFO - Added waypoint mission with 5 points to queue
2025-04-02 00:29:35,906 - planners.mission_manager - INFO - Added waypoint mission with 5 points to queue
2025-04-02 00:29:35,906 - missions.station_keeping - INFO - Created station keeping mission at (37.7955, -122.3828)
2025-04-02 00:29:35,906 - missions.station_keeping - INFO - Created station keeping mission at (37.7955, -122.3828)
2025-04-02 00:29:35,907 - planners.mission_manager - INFO - Added station keeping mission at (37.7955, -122.3828) to queue
2025-04-02 00:29:35,907 - planners.mission_manager - INFO - Added station keeping mission at (37.7955, -122.3828) to queue
2025-04-02 00:29:35,907 - missions.docking - INFO - Created docking mission to dock at (37.7749, -122.4194) with heading 270.0°
2025-04-02 00:29:35,907 - missions.docking - INFO - Created docking mission to dock at (37.7749, -122.4194) with heading 270.0°
2025-04-02 00:29:35,908 - missions.docking - INFO - Approach position: (37.774899999781205, -122.41917244561247)
2025-04-02 00:29:35,908 - missions.docking - INFO - Approach position: (37.774899999781205, -122.41917244561247)
2025-04-02 00:29:35,909 - planners.mission_manager - INFO - Added docking mission at (37.7749, -122.4194) to queue
2025-04-02 00:29:35,909 - planners.mission_manager - INFO - Added docking mission at (37.7749, -122.4194) to queue
2025-04-02 00:29:35,909 - planners.mission_manager - INFO - Starting waypoint mission
2025-04-02 00:29:35,909 - planners.mission_manager - INFO - Starting waypoint mission
2025-04-02 00:29:35,909 - planners.mission_manager - INFO - Mission execution started
2025-04-02 00:29:35,909 - planners.mission_manager - INFO - Mission execution started
2025-04-02 00:29:36,086 - missions.waypoint_mission - INFO - Reached waypoint 0 at (37.7749, -122.4194)
2025-04-02 00:29:36,086 - missions.waypoint_mission - INFO - Reached waypoint 0 at (37.7749, -122.4194)
2025-04-02 00:29:36,087 - missions.waypoint_mission - INFO - Moving to waypoint 1: (37.8045, -122.4159)
2025-04-02 00:29:36,087 - missions.waypoint_mission - INFO - Moving to waypoint 1: (37.8045, -122.4159)
2025-04-02 00:29:46,630 - __main__ - INFO - Starting USV mission planner simulation
2025-04-02 00:29:46,630 - __main__ - INFO - Starting USV mission planner simulation
2025-04-02 00:29:46,631 - planners.mission_manager - INFO - Mission Manager initialized
2025-04-02 00:29:46,631 - planners.mission_manager - INFO - Mission Manager initialized
2025-04-02 00:29:46,631 - __main__ - INFO - Initialized USV simulator at (37.7749, -122.4194) with heading 0.0°
2025-04-02 00:29:46,631 - __main__ - INFO - Initialized USV simulator at (37.7749, -122.4194) with heading 0.0°
2025-04-02 00:29:46,631 - missions.waypoint_mission - INFO - Created waypoint mission with 5 waypoints
2025-04-02 00:29:46,631 - missions.waypoint_mission - INFO - Created waypoint mission with 5 waypoints
2025-04-02 00:29:46,631 - planners.mission_manager - INFO - Added waypoint mission with 5 points to queue
2025-04-02 00:29:46,631 - planners.mission_manager - INFO - Added waypoint mission with 5 points to queue
2025-04-02 00:29:46,631 - missions.station_keeping - INFO - Created station keeping mission at (37.7955, -122.3828)
2025-04-02 00:29:46,631 - missions.station_keeping - INFO - Created station keeping mission at (37.7955, -122.3828)
2025-04-02 00:29:46,632 - planners.mission_manager - INFO - Added station keeping mission at (37.7955, -122.3828) to queue
2025-04-02 00:29:46,632 - planners.mission_manager - INFO - Added station keeping mission at (37.7955, -122.3828) to queue
2025-04-02 00:29:46,632 - missions.docking - INFO - Created docking mission to dock at (37.7749, -122.4194) with heading 270.0°
2025-04-02 00:29:46,632 - missions.docking - INFO - Created docking mission to dock at (37.7749, -122.4194) with heading 270.0°
2025-04-02 00:29:46,632 - missions.docking - INFO - Approach position: (37.774899999781205, -122.41917244561247)
2025-04-02 00:29:46,632 - missions.docking - INFO - Approach position: (37.774899999781205, -122.41917244561247)
2025-04-02 00:29:46,632 - planners.mission_manager - INFO - Added docking mission at (37.7749, -122.4194) to queue
2025-04-02 00:29:46,632 - planners.mission_manager - INFO - Added docking mission at (37.7749, -122.4194) to queue
2025-04-02 00:29:46,632 - planners.mission_manager - INFO - Starting waypoint mission
2025-04-02 00:29:46,632 - planners.mission_manager - INFO - Starting waypoint mission
2025-04-02 00:29:46,632 - planners.mission_manager - INFO - Mission execution started
2025-04-02 00:29:46,632 - planners.mission_manager - INFO - Mission execution started
2025-04-02 00:29:46,633 - missions.waypoint_mission - INFO - Reached waypoint 0 at (37.7749, -122.4194)
2025-04-02 00:29:46,633 - missions.waypoint_mission - INFO - Reached waypoint 0 at (37.7749, -122.4194)
2025-04-02 00:29:46,633 - missions.waypoint_mission - INFO - Moving to waypoint 1: (37.8045, -122.4159)
2025-04-02 00:29:46,633 - missions.waypoint_mission - INFO - Moving to waypoint 1: (37.8045, -122.4159)
2025-04-02 00:30:54,674 - __main__ - INFO - Final mission manager status: {'status': 'RUNNING', 'missions_queued': 2, 'current_position': (37.77665413287267, -122.41919267446123), 'current_heading': 5.3374886814717115, 'missions_completed': 0, 'active_mission': {'type': 'waypoint', 'running_time': 78.76527404785156}}
2025-04-02 00:30:54,674 - __main__ - INFO - Final mission manager status: {'status': 'RUNNING', 'missions_queued': 2, 'current_position': (37.77665413287267, -122.41919267446123), 'current_heading': 5.3374886814717115, 'missions_completed': 0, 'active_mission': {'type': 'waypoint', 'running_time': 78.76527404785156}}
2025-04-02 01:00:04,153 - __main__ - INFO - Starting USV mission planner simulation
2025-04-02 01:00:04,154 - planners.mission_manager - INFO - Mission Manager initialized
2025-04-02 01:00:04,154 - __main__ - INFO - Initialized USV simulator at (37.7749, -122.4194) with heading 0.0°
2025-04-02 01:00:04,154 - missions.waypoint_mission - INFO - Created waypoint mission with 5 waypoints
2025-04-02 01:00:04,154 - planners.mission_manager - INFO - Added waypoint mission with 5 points to queue
2025-04-02 01:00:04,154 - missions.station_keeping - INFO - Created station keeping mission at (37.7955, -122.3828)
2025-04-02 01:00:04,154 - planners.mission_manager - INFO - Added station keeping mission at (37.7955, -122.3828) to queue
2025-04-02 01:00:04,155 - missions.docking - INFO - Created docking mission to dock at (37.7749, -122.4194) with heading 270.0°
2025-04-02 01:00:04,155 - missions.docking - INFO - Approach position: (37.774899999781205, -122.41917244561247)
2025-04-02 01:00:04,155 - planners.mission_manager - INFO - Added docking mission at (37.7749, -122.4194) to queue
2025-04-02 01:00:04,155 - planners.mission_manager - INFO - Starting waypoint mission
2025-04-02 01:00:04,155 - planners.mission_manager - INFO - Mission execution started
2025-04-02 01:00:04,341 - missions.waypoint_mission - INFO - Reached waypoint 0 at (37.7749, -122.4194)
2025-04-02 01:00:04,342 - missions.waypoint_mission - INFO - Moving to waypoint 1: (37.8045, -122.4159)
2025-04-02 01:01:21,097 - __main__ - INFO - Final mission manager status: {'status': 'RUNNING', 'missions_queued': 2, 'current_position': (37.77665413287267, -122.41919267446123), 'current_heading': 5.3374886814717115, 'missions_completed': 0, 'active_mission': {'type': 'waypoint', 'running_time': 76.94231677055359}}
2025-04-02 01:03:20,579 - __main__ - INFO - Starting USV mission planner simulation
2025-04-02 01:03:20,580 - planners.mission_manager - INFO - Mission Manager initialized
2025-04-02 01:03:20,580 - __main__ - INFO - Initialized USV simulator at (37.7749, -122.4194) with heading 0.0°
2025-04-02 01:03:20,580 - missions.waypoint_mission - INFO - Created waypoint mission with 5 waypoints
2025-04-02 01:03:20,581 - planners.mission_manager - INFO - Added waypoint mission with 5 points to queue
2025-04-02 01:03:20,581 - missions.station_keeping - INFO - Created station keeping mission at (37.7955, -122.3828)
2025-04-02 01:03:20,581 - planners.mission_manager - INFO - Added station keeping mission at (37.7955, -122.3828) to queue
2025-04-02 01:03:20,581 - missions.docking - INFO - Created docking mission to dock at (37.7749, -122.4194) with heading 270.0°
2025-04-02 01:03:20,581 - missions.docking - INFO - Approach position: (37.774899999781205, -122.41917244561247)
2025-04-02 01:03:20,581 - planners.mission_manager - INFO - Added docking mission at (37.7749, -122.4194) to queue
2025-04-02 01:03:20,581 - planners.mission_manager - INFO - Starting waypoint mission
2025-04-02 01:03:20,582 - planners.mission_manager - INFO - Mission execution started
2025-04-02 01:03:20,838 - missions.waypoint_mission - INFO - Reached waypoint 0 at (37.7749, -122.4194)
2025-04-02 01:03:20,839 - missions.waypoint_mission - INFO - Moving to waypoint 1: (37.8045, -122.4159)
2025-04-02 01:04:40,352 - __main__ - INFO - Final mission manager status: {'status': 'RUNNING', 'missions_queued': 2, 'current_position': (37.77665413287267, -122.41919267446123), 'current_heading': 5.3374886814717115, 'missions_completed': 0, 'active_mission': {'type': 'waypoint', 'running_time': 79.77034187316895}}
2025-04-02 01:07:28,764 - __main__ - INFO - Starting USV mission planner simulation
2025-04-02 01:07:28,764 - planners.mission_manager - INFO - Mission Manager initialized
2025-04-02 01:07:28,764 - __main__ - INFO - Initialized USV simulator at (37.7749, -122.4194) with heading 0.0°
2025-04-02 01:07:28,764 - missions.waypoint_mission - INFO - Created waypoint mission with 5 waypoints
2025-04-02 01:07:28,765 - planners.mission_manager - INFO - Added waypoint mission with 5 points to queue
2025-04-02 01:07:28,765 - missions.station_keeping - INFO - Created station keeping mission at (37.7955, -122.3828)
2025-04-02 01:07:28,765 - planners.mission_manager - INFO - Added station keeping mission at (37.7955, -122.3828) to queue
2025-04-02 01:07:28,765 - missions.docking - INFO - Created docking mission to dock at (37.7749, -122.4194) with heading 270.0°
2025-04-02 01:07:28,765 - missions.docking - INFO - Approach position: (37.774899999781205, -122.41917244561247)
2025-04-02 01:07:28,765 - planners.mission_manager - INFO - Added docking mission at (37.7749, -122.4194) to queue
2025-04-02 01:07:28,765 - planners.mission_manager - INFO - Starting waypoint mission
2025-04-02 01:07:28,766 - planners.mission_manager - INFO - Mission execution started
2025-04-02 01:07:28,930 - missions.waypoint_mission - INFO - Reached waypoint 0 at (37.7749, -122.4194)
2025-04-02 01:07:28,931 - missions.waypoint_mission - INFO - Moving to waypoint 1: (37.8045, -122.4159)
2025-04-02 01:08:43,065 - __main__ - INFO - Final mission manager status: {'status': 'RUNNING', 'missions_queued': 2, 'current_position': (37.77665413287267, -122.41919267446123), 'current_heading': 5.3374886814717115, 'missions_completed': 0, 'active_mission': {'type': 'waypoint', 'running_time': 74.2997179031372}}
2025-04-02 01:21:54,895 - __main__ - INFO - Starting USV mission planner simulation
2025-04-02 01:21:54,895 - planners.mission_manager - INFO - Mission Manager initialized
2025-04-02 01:21:54,895 - __main__ - INFO - Initialized USV simulator at (37.7749, -122.4194) with heading 0.0°
2025-04-02 01:21:54,895 - missions.waypoint_mission - INFO - Created waypoint mission with 5 waypoints
2025-04-02 01:21:54,895 - planners.mission_manager - INFO - Added waypoint mission with 5 points to queue
2025-04-02 01:21:54,895 - missions.station_keeping - INFO - Created station keeping mission at (37.7955, -122.3828)
2025-04-02 01:21:54,896 - planners.mission_manager - INFO - Added station keeping mission at (37.7955, -122.3828) to queue
2025-04-02 01:21:54,896 - missions.docking - INFO - Created docking mission to dock at (37.7749, -122.4194) with heading 270.0°
2025-04-02 01:21:54,896 - missions.docking - INFO - Approach position: (37.774899999781205, -122.41917244561247)
2025-04-02 01:21:54,896 - planners.mission_manager - INFO - Added docking mission at (37.7749, -122.4194) to queue
2025-04-02 01:21:54,896 - planners.mission_manager - INFO - Starting waypoint mission
2025-04-02 01:21:54,896 - planners.mission_manager - INFO - Mission execution started
2025-04-02 01:21:55,054 - missions.waypoint_mission - INFO - Reached waypoint 0 at (37.7749, -122.4194)
2025-04-02 01:21:55,054 - missions.waypoint_mission - INFO - Moving to waypoint 1: (37.8045, -122.4159)
2025-04-02 01:23:10,070 - __main__ - INFO - Final mission manager status: {'status': 'RUNNING', 'missions_queued': 2, 'current_position': (37.77665413287267, -122.41919267446123), 'current_heading': 5.3374886814717115, 'missions_completed': 0, 'active_mission': {'type': 'waypoint', 'running_time': 75.17376565933228}}
2025-04-02 04:12:47,990 - __main__ - INFO - Starting USV mission planner simulation
2025-04-02 04:12:47,992 - planners.mission_manager - INFO - Mission Manager initialized
2025-04-02 04:12:47,992 - __main__ - INFO - Initialized USV simulator at (-41.2865, 174.7762) with heading 0.0°
2025-04-02 04:12:47,993 - missions.waypoint_mission - INFO - Created waypoint mission with 5 waypoints
2025-04-02 04:12:47,993 - planners.mission_manager - INFO - Added waypoint mission with 5 points to queue
2025-04-02 04:12:47,993 - missions.station_keeping - INFO - Created station keeping mission at (-41.2865, 174.7762)
2025-04-02 04:12:47,993 - planners.mission_manager - INFO - Added station keeping mission at (-41.2865, 174.7762) to queue
2025-04-02 04:12:47,993 - missions.docking - INFO - Created docking mission to dock at (-36.8485, 174.7633) with heading 270.0°
2025-04-02 04:12:47,993 - missions.docking - INFO - Approach position: (-36.84849999978843, 174.763524767461)
2025-04-02 04:12:47,994 - planners.mission_manager - INFO - Added docking mission at (-36.8485, 174.7633) to queue
2025-04-02 04:12:47,994 - planners.mission_manager - INFO - Starting waypoint mission
2025-04-02 04:12:47,994 - planners.mission_manager - INFO - Mission execution started
2025-04-02 04:12:48,222 - missions.waypoint_mission - INFO - Reached waypoint 0 at (-41.2865, 174.7762)
2025-04-02 04:12:48,224 - missions.waypoint_mission - INFO - Moving to waypoint 1: (-36.8485, 174.7633)
2025-04-02 04:13:04,203 - __main__ - INFO - Starting USV mission planner simulation
2025-04-02 04:13:04,203 - planners.mission_manager - INFO - Mission Manager initialized
2025-04-02 04:13:04,203 - __main__ - INFO - Initialized USV simulator at (-41.2865, 174.7762) with heading 0.0°
2025-04-02 04:13:04,203 - missions.waypoint_mission - INFO - Created waypoint mission with 5 waypoints
2025-04-02 04:13:04,203 - planners.mission_manager - INFO - Added waypoint mission with 5 points to queue
2025-04-02 04:13:04,203 - missions.station_keeping - INFO - Created station keeping mission at (-41.2865, 174.7762)
2025-04-02 04:13:04,204 - planners.mission_manager - INFO - Added station keeping mission at (-41.2865, 174.7762) to queue
2025-04-02 04:13:04,204 - missions.docking - INFO - Created docking mission to dock at (-36.8485, 174.7633) with heading 270.0°
2025-04-02 04:13:04,204 - missions.docking - INFO - Approach position: (-36.84849999978843, 174.763524767461)
2025-04-02 04:13:04,204 - planners.mission_manager - INFO - Added docking mission at (-36.8485, 174.7633) to queue
2025-04-02 04:13:04,204 - planners.mission_manager - INFO - Starting waypoint mission
2025-04-02 04:13:04,205 - planners.mission_manager - INFO - Mission execution started
2025-04-02 04:13:04,442 - missions.waypoint_mission - INFO - Reached waypoint 0 at (-41.2865, 174.7762)
2025-04-02 04:13:04,442 - missions.waypoint_mission - INFO - Moving to waypoint 1: (-36.8485, 174.7633)
2025-04-02 04:14:34,974 - __main__ - INFO - Final mission manager status: {'status': 'RUNNING', 'missions_queued': 2, 'current_position': (-41.28473823374981, 174.77619454113872), 'current_heading': 359.8665991611841, 'missions_completed': 0, 'active_mission': {'type': 'waypoint', 'running_time': 90.76924014091492}}
